{"/Users/jeonhyeonseong/Repositories/dev/classting-task/newsfeed/src/app.module.ts": {"path":"/Users/jeonhyeonseong/Repositories/dev/classting-task/newsfeed/src/app.module.ts","statementMap":{"0":{"start":{"line":1,"column":0},"end":{"line":1,"column":40}},"1":{"start":{"line":2,"column":0},"end":{"line":2,"column":53}},"2":{"start":{"line":4,"column":0},"end":{"line":4,"column":46}},"3":{"start":{"line":5,"column":0},"end":{"line":5,"column":48}},"4":{"start":{"line":6,"column":0},"end":{"line":6,"column":51}},"5":{"start":{"line":7,"column":0},"end":{"line":7,"column":51}},"6":{"start":{"line":8,"column":0},"end":{"line":8,"column":51}},"7":{"start":{"line":9,"column":0},"end":{"line":9,"column":49}},"8":{"start":{"line":10,"column":0},"end":{"line":10,"column":75}},"9":{"start":{"line":11,"column":0},"end":{"line":11,"column":65}},"10":{"start":{"line":33,"column":7},"end":{"line":33,"column":null}},"11":{"start":{"line":33,"column":13},"end":{"line":33,"column":22}},"12":{"start":{"line":33,"column":13},"end":{"line":33,"column":null}}},"fnMap":{},"branchMap":{},"s":{"0":5,"1":5,"2":5,"3":5,"4":5,"5":5,"6":5,"7":5,"8":5,"9":5,"10":5,"11":5,"12":5},"f":{},"b":{}}
,"/Users/jeonhyeonseong/Repositories/dev/classting-task/newsfeed/src/main.ts": {"path":"/Users/jeonhyeonseong/Repositories/dev/classting-task/newsfeed/src/main.ts","statementMap":{"0":{"start":{"line":1,"column":0},"end":{"line":1,"column":43}},"1":{"start":{"line":3,"column":0},"end":{"line":3,"column":48}},"2":{"start":{"line":4,"column":0},"end":{"line":4,"column":38}},"3":{"start":{"line":6,"column":0},"end":{"line":6,"column":41}},"4":{"start":{"line":7,"column":0},"end":{"line":7,"column":61}},"5":{"start":{"line":9,"column":13},"end":{"line":9,"column":15}},"6":{"start":{"line":12,"column":14},"end":{"line":12,"column":72}},"7":{"start":{"line":13,"column":18},"end":{"line":13,"column":74}},"8":{"start":{"line":14,"column":2},"end":{"line":14,"column":62}},"9":{"start":{"line":15,"column":2},"end":{"line":15,"column":58}},"10":{"start":{"line":16,"column":2},"end":{"line":16,"column":28}},"11":{"start":{"line":17,"column":2},"end":{"line":17,"column":25}},"12":{"start":{"line":20,"column":0},"end":{"line":20,"column":17}}},"fnMap":{"0":{"name":"bootstrap","decl":{"start":{"line":11,"column":15},"end":{"line":11,"column":24}},"loc":{"start":{"line":11,"column":24},"end":{"line":18,"column":1}}}},"branchMap":{},"s":{"0":0,"1":0,"2":0,"3":0,"4":0,"5":0,"6":0,"7":0,"8":0,"9":0,"10":0,"11":0,"12":0},"f":{"0":0},"b":{}}
,"/Users/jeonhyeonseong/Repositories/dev/classting-task/newsfeed/src/prisma.seed.ts": {"path":"/Users/jeonhyeonseong/Repositories/dev/classting-task/newsfeed/src/prisma.seed.ts","statementMap":{"0":{"start":{"line":2,"column":0},"end":{"line":2,"column":59}},"1":{"start":{"line":4,"column":15},"end":{"line":4,"column":33}},"2":{"start":{"line":6,"column":23},"end":{"line":6,"column":24}},"3":{"start":{"line":7,"column":22},"end":{"line":7,"column":23}},"4":{"start":{"line":9,"column":43},"end":{"line":64,"column":2}},"5":{"start":{"line":66,"column":63},"end":{"line":115,"column":2}},"6":{"start":{"line":118,"column":2},"end":{"line":118,"column":35}},"7":{"start":{"line":120,"column":2},"end":{"line":124,"column":null}},"8":{"start":{"line":122,"column":17},"end":{"line":122,"column":54}},"9":{"start":{"line":123,"column":4},"end":{"line":123,"column":52}},"10":{"start":{"line":126,"column":2},"end":{"line":130,"column":null}},"11":{"start":{"line":128,"column":25},"end":{"line":128,"column":74}},"12":{"start":{"line":129,"column":4},"end":{"line":129,"column":68}},"13":{"start":{"line":132,"column":2},"end":{"line":132,"column":35}},"14":{"start":{"line":135,"column":0},"end":{"line":145,"column":5}},"15":{"start":{"line":138,"column":4},"end":{"line":138,"column":31}},"16":{"start":{"line":141,"column":4},"end":{"line":141,"column":25}},"17":{"start":{"line":142,"column":4},"end":{"line":142,"column":31}},"18":{"start":{"line":144,"column":4},"end":{"line":144,"column":20}}},"fnMap":{"0":{"name":"main","decl":{"start":{"line":117,"column":15},"end":{"line":117,"column":19}},"loc":{"start":{"line":117,"column":19},"end":{"line":133,"column":1}}},"1":{"name":"(anonymous_1)","decl":{"start":{"line":137,"column":8},"end":{"line":137,"column":13}},"loc":{"start":{"line":137,"column":19},"end":{"line":139,"column":3}}},"2":{"name":"(anonymous_2)","decl":{"start":{"line":140,"column":9},"end":{"line":140,"column":14}},"loc":{"start":{"line":140,"column":25},"end":{"line":145,"column":3}}}},"branchMap":{},"s":{"0":0,"1":0,"2":0,"3":0,"4":0,"5":0,"6":0,"7":0,"8":0,"9":0,"10":0,"11":0,"12":0,"13":0,"14":0,"15":0,"16":0,"17":0,"18":0},"f":{"0":0,"1":0,"2":0},"b":{}}
,"/Users/jeonhyeonseong/Repositories/dev/classting-task/newsfeed/src/prisma.service.ts": {"path":"/Users/jeonhyeonseong/Repositories/dev/classting-task/newsfeed/src/prisma.service.ts","statementMap":{"0":{"start":{"line":1,"column":0},"end":{"line":1,"column":63}},"1":{"start":{"line":2,"column":0},"end":{"line":2,"column":46}},"2":{"start":{"line":5,"column":7},"end":{"line":9,"column":null}},"3":{"start":{"line":7,"column":4},"end":{"line":7,"column":26}},"4":{"start":{"line":5,"column":13},"end":{"line":5,"column":26}},"5":{"start":{"line":5,"column":13},"end":{"line":9,"column":null}}},"fnMap":{"0":{"name":"(anonymous_0)","decl":{"start":{"line":6,"column":2},"end":{"line":6,"column":7}},"loc":{"start":{"line":6,"column":20},"end":{"line":8,"column":3}}}},"branchMap":{},"s":{"0":5,"1":5,"2":5,"3":30,"4":5,"5":5},"f":{"0":30},"b":{}}
,"/Users/jeonhyeonseong/Repositories/dev/classting-task/newsfeed/src/validator.exception.ts": {"path":"/Users/jeonhyeonseong/Repositories/dev/classting-task/newsfeed/src/validator.exception.ts","statementMap":{"0":{"start":{"line":1,"column":0},"end":{"line":1,"column":null}},"1":{"start":{"line":7,"column":0},"end":{"line":7,"column":50}},"2":{"start":{"line":11,"column":7},"end":{"line":23,"column":null}},"3":{"start":{"line":13,"column":16},"end":{"line":13,"column":35}},"4":{"start":{"line":14,"column":21},"end":{"line":14,"column":48}},"5":{"start":{"line":16,"column":4},"end":{"line":21,"column":7}},"6":{"start":{"line":11,"column":13},"end":{"line":11,"column":37}},"7":{"start":{"line":11,"column":13},"end":{"line":23,"column":null}}},"fnMap":{"0":{"name":"(anonymous_0)","decl":{"start":{"line":12,"column":2},"end":{"line":12,"column":7}},"loc":{"start":{"line":12,"column":43},"end":{"line":22,"column":3}}}},"branchMap":{},"s":{"0":5,"1":5,"2":5,"3":0,"4":0,"5":0,"6":5,"7":5},"f":{"0":0},"b":{}}
,"/Users/jeonhyeonseong/Repositories/dev/classting-task/newsfeed/src/validator.middleware.ts": {"path":"/Users/jeonhyeonseong/Repositories/dev/classting-task/newsfeed/src/validator.middleware.ts","statementMap":{"0":{"start":{"line":2,"column":0},"end":{"line":2,"column":42}},"1":{"start":{"line":3,"column":0},"end":{"line":3,"column":62}},"2":{"start":{"line":6,"column":35},"end":{"line":21,"column":1}},"3":{"start":{"line":10,"column":2},"end":{"line":10,"column":29}},"4":{"start":{"line":11,"column":21},"end":{"line":19,"column":4}},"5":{"start":{"line":20,"column":2},"end":{"line":20,"column":22}},"6":{"start":{"line":6,"column":13},"end":{"line":6,"column":35}}},"fnMap":{"0":{"name":"(anonymous_0)","decl":{"start":{"line":6,"column":35},"end":{"line":6,"column":null}},"loc":{"start":{"line":9,"column":4},"end":{"line":21,"column":1}}}},"branchMap":{},"s":{"0":5,"1":5,"2":5,"3":5,"4":5,"5":5,"6":5},"f":{"0":5},"b":{}}
,"/Users/jeonhyeonseong/Repositories/dev/classting-task/newsfeed/src/auth/auth.controller.ts": {"path":"/Users/jeonhyeonseong/Repositories/dev/classting-task/newsfeed/src/auth/auth.controller.ts","statementMap":{"0":{"start":{"line":1,"column":0},"end":{"line":1,"column":69}},"1":{"start":{"line":6,"column":0},"end":{"line":6,"column":45}},"2":{"start":{"line":7,"column":0},"end":{"line":7,"column":55}},"3":{"start":{"line":11,"column":7},"end":{"line":20,"column":null}},"4":{"start":{"line":12,"column":22},"end":{"line":12,"column":35}},"5":{"start":{"line":18,"column":4},"end":{"line":18,"column":45}},"6":{"start":{"line":11,"column":13},"end":{"line":11,"column":27}},"7":{"start":{"line":17,"column":2},"end":{"line":19,"column":null}},"8":{"start":{"line":11,"column":13},"end":{"line":20,"column":null}}},"fnMap":{"0":{"name":"(anonymous_0)","decl":{"start":{"line":12,"column":2},"end":{"line":12,"column":22}},"loc":{"start":{"line":12,"column":46},"end":{"line":12,"column":50}}},"1":{"name":"(anonymous_1)","decl":{"start":{"line":17,"column":2},"end":{"line":17,"column":7}},"loc":{"start":{"line":17,"column":50},"end":{"line":19,"column":3}}}},"branchMap":{},"s":{"0":5,"1":5,"2":5,"3":5,"4":5,"5":25,"6":5,"7":5,"8":5},"f":{"0":5,"1":25},"b":{}}
,"/Users/jeonhyeonseong/Repositories/dev/classting-task/newsfeed/src/auth/auth.guard.ts": {"path":"/Users/jeonhyeonseong/Repositories/dev/classting-task/newsfeed/src/auth/auth.guard.ts","statementMap":{"0":{"start":{"line":1,"column":0},"end":{"line":1,"column":null}},"1":{"start":{"line":7,"column":0},"end":{"line":7,"column":41}},"2":{"start":{"line":8,"column":0},"end":{"line":8,"column":41}},"3":{"start":{"line":10,"column":0},"end":{"line":10,"column":50}},"4":{"start":{"line":12,"column":0},"end":{"line":12,"column":62}},"5":{"start":{"line":16,"column":7},"end":{"line":68,"column":null}},"6":{"start":{"line":18,"column":12},"end":{"line":18,"column":24}},"7":{"start":{"line":19,"column":12},"end":{"line":19,"column":20}},"8":{"start":{"line":20,"column":12},"end":{"line":20,"column":23}},"9":{"start":{"line":24,"column":21},"end":{"line":27,"column":6}},"10":{"start":{"line":29,"column":4},"end":{"line":31,"column":null}},"11":{"start":{"line":30,"column":6},"end":{"line":30,"column":18}},"12":{"start":{"line":33,"column":20},"end":{"line":33,"column":65}},"13":{"start":{"line":34,"column":18},"end":{"line":34,"column":51}},"14":{"start":{"line":36,"column":4},"end":{"line":38,"column":null}},"15":{"start":{"line":37,"column":6},"end":{"line":37,"column":40}},"16":{"start":{"line":40,"column":19},"end":{"line":40,"column":49}},"17":{"start":{"line":41,"column":17},"end":{"line":41,"column":77}},"18":{"start":{"line":43,"column":4},"end":{"line":45,"column":null}},"19":{"start":{"line":44,"column":6},"end":{"line":44,"column":40}},"20":{"start":{"line":47,"column":4},"end":{"line":47,"column":24}},"21":{"start":{"line":49,"column":4},"end":{"line":49,"column":16}},"22":{"start":{"line":53,"column":26},"end":{"line":53,"column":61}},"23":{"start":{"line":54,"column":26},"end":{"line":54,"column":50}},"24":{"start":{"line":56,"column":4},"end":{"line":56,"column":49}},"25":{"start":{"line":60,"column":4},"end":{"line":66,"column":null}},"26":{"start":{"line":61,"column":22},"end":{"line":61,"column":65}},"27":{"start":{"line":63,"column":6},"end":{"line":63,"column":17}},"28":{"start":{"line":65,"column":6},"end":{"line":65,"column":40}},"29":{"start":{"line":16,"column":13},"end":{"line":16,"column":22}},"30":{"start":{"line":16,"column":13},"end":{"line":68,"column":null}}},"fnMap":{"0":{"name":"(anonymous_0)","decl":{"start":{"line":17,"column":2},"end":{"line":17,"column":null}},"loc":{"start":{"line":20,"column":32},"end":{"line":21,"column":6}}},"1":{"name":"(anonymous_1)","decl":{"start":{"line":23,"column":2},"end":{"line":23,"column":7}},"loc":{"start":{"line":23,"column":45},"end":{"line":50,"column":3}}},"2":{"name":"(anonymous_2)","decl":{"start":{"line":52,"column":10},"end":{"line":52,"column":29}},"loc":{"start":{"line":52,"column":47},"end":{"line":57,"column":3}}},"3":{"name":"(anonymous_3)","decl":{"start":{"line":59,"column":10},"end":{"line":59,"column":28}},"loc":{"start":{"line":59,"column":42},"end":{"line":67,"column":3}}}},"branchMap":{"0":{"loc":{"start":{"line":29,"column":4},"end":{"line":31,"column":null}},"type":"if","locations":[{"start":{"line":29,"column":4},"end":{"line":31,"column":null}}]},"1":{"loc":{"start":{"line":36,"column":4},"end":{"line":38,"column":null}},"type":"if","locations":[{"start":{"line":36,"column":4},"end":{"line":38,"column":null}}]},"2":{"loc":{"start":{"line":43,"column":4},"end":{"line":45,"column":null}},"type":"if","locations":[{"start":{"line":43,"column":4},"end":{"line":45,"column":null}}]},"3":{"loc":{"start":{"line":53,"column":26},"end":{"line":53,"column":61}},"type":"binary-expr","locations":[{"start":{"line":53,"column":26},"end":{"line":53,"column":55}},{"start":{"line":53,"column":59},"end":{"line":53,"column":61}}]},"4":{"loc":{"start":{"line":56,"column":11},"end":{"line":56,"column":48}},"type":"cond-expr","locations":[{"start":{"line":56,"column":31},"end":{"line":56,"column":36}},{"start":{"line":56,"column":39},"end":{"line":56,"column":48}}]}},"s":{"0":5,"1":5,"2":5,"3":5,"4":5,"5":5,"6":5,"7":5,"8":5,"9":47,"10":47,"11":25,"12":22,"13":22,"14":22,"15":0,"16":22,"17":22,"18":22,"19":0,"20":22,"21":22,"22":22,"23":22,"24":22,"25":22,"26":22,"27":22,"28":0,"29":5,"30":5},"f":{"0":5,"1":47,"2":22,"3":22},"b":{"0":[25],"1":[0],"2":[0],"3":[22,0],"4":[22,0]}}
,"/Users/jeonhyeonseong/Repositories/dev/classting-task/newsfeed/src/auth/auth.module.ts": {"path":"/Users/jeonhyeonseong/Repositories/dev/classting-task/newsfeed/src/auth/auth.module.ts","statementMap":{"0":{"start":{"line":1,"column":0},"end":{"line":1,"column":40}},"1":{"start":{"line":2,"column":0},"end":{"line":2,"column":40}},"2":{"start":{"line":4,"column":0},"end":{"line":4,"column":50}},"3":{"start":{"line":5,"column":0},"end":{"line":5,"column":51}},"4":{"start":{"line":6,"column":0},"end":{"line":6,"column":45}},"5":{"start":{"line":7,"column":0},"end":{"line":7,"column":43}},"6":{"start":{"line":20,"column":7},"end":{"line":20,"column":null}},"7":{"start":{"line":20,"column":13},"end":{"line":20,"column":23}},"8":{"start":{"line":20,"column":13},"end":{"line":20,"column":null}}},"fnMap":{},"branchMap":{},"s":{"0":5,"1":5,"2":5,"3":5,"4":5,"5":5,"6":5,"7":5,"8":5},"f":{},"b":{}}
,"/Users/jeonhyeonseong/Repositories/dev/classting-task/newsfeed/src/auth/auth.service.ts": {"path":"/Users/jeonhyeonseong/Repositories/dev/classting-task/newsfeed/src/auth/auth.service.ts","statementMap":{"0":{"start":{"line":1,"column":0},"end":{"line":1,"column":44}},"1":{"start":{"line":2,"column":0},"end":{"line":2,"column":41}},"2":{"start":{"line":5,"column":0},"end":{"line":5,"column":50}},"3":{"start":{"line":8,"column":7},"end":{"line":27,"column":null}},"4":{"start":{"line":10,"column":12},"end":{"line":10,"column":20}},"5":{"start":{"line":11,"column":12},"end":{"line":11,"column":24}},"6":{"start":{"line":15,"column":31},"end":{"line":15,"column":35}},"7":{"start":{"line":17,"column":17},"end":{"line":21,"column":6}},"8":{"start":{"line":22,"column":34},"end":{"line":22,"column":50}},"9":{"start":{"line":23,"column":24},"end":{"line":23,"column":53}},"10":{"start":{"line":25,"column":4},"end":{"line":25,"column":33}},"11":{"start":{"line":8,"column":13},"end":{"line":8,"column":24}},"12":{"start":{"line":8,"column":13},"end":{"line":27,"column":null}}},"fnMap":{"0":{"name":"(anonymous_0)","decl":{"start":{"line":9,"column":2},"end":{"line":9,"column":null}},"loc":{"start":{"line":11,"column":34},"end":{"line":12,"column":6}}},"1":{"name":"(anonymous_1)","decl":{"start":{"line":14,"column":2},"end":{"line":14,"column":7}},"loc":{"start":{"line":14,"column":27},"end":{"line":26,"column":3}}}},"branchMap":{},"s":{"0":5,"1":5,"2":5,"3":5,"4":5,"5":5,"6":25,"7":25,"8":25,"9":25,"10":25,"11":5,"12":5},"f":{"0":5,"1":25},"b":{}}
,"/Users/jeonhyeonseong/Repositories/dev/classting-task/newsfeed/src/auth/constants.ts": {"path":"/Users/jeonhyeonseong/Repositories/dev/classting-task/newsfeed/src/auth/constants.ts","statementMap":{"0":{"start":{"line":1,"column":13},"end":{"line":3,"column":2}}},"fnMap":{},"branchMap":{},"s":{"0":5},"f":{},"b":{}}
,"/Users/jeonhyeonseong/Repositories/dev/classting-task/newsfeed/src/auth/decorators/public.decorator.ts": {"path":"/Users/jeonhyeonseong/Repositories/dev/classting-task/newsfeed/src/auth/decorators/public.decorator.ts","statementMap":{"0":{"start":{"line":1,"column":0},"end":{"line":1,"column":45}},"1":{"start":{"line":3,"column":13},"end":{"line":3,"column":40}},"2":{"start":{"line":5,"column":22},"end":{"line":5,"column":60}},"3":{"start":{"line":5,"column":28},"end":{"line":5,"column":60}},"4":{"start":{"line":5,"column":13},"end":{"line":5,"column":22}}},"fnMap":{"0":{"name":"(anonymous_0)","decl":{"start":{"line":5,"column":22},"end":{"line":5,"column":25}},"loc":{"start":{"line":5,"column":28},"end":{"line":5,"column":60}}}},"branchMap":{},"s":{"0":5,"1":5,"2":5,"3":5,"4":5},"f":{"0":5},"b":{}}
,"/Users/jeonhyeonseong/Repositories/dev/classting-task/newsfeed/src/feeds/feeds.controller.ts": {"path":"/Users/jeonhyeonseong/Repositories/dev/classting-task/newsfeed/src/feeds/feeds.controller.ts","statementMap":{"0":{"start":{"line":1,"column":0},"end":{"line":1,"column":58}},"1":{"start":{"line":6,"column":0},"end":{"line":6,"column":47}},"2":{"start":{"line":9,"column":7},"end":{"line":18,"column":null}},"3":{"start":{"line":10,"column":31},"end":{"line":10,"column":45}},"4":{"start":{"line":14,"column":21},"end":{"line":14,"column":24}},"5":{"start":{"line":16,"column":4},"end":{"line":16,"column":43}},"6":{"start":{"line":9,"column":13},"end":{"line":9,"column":28}},"7":{"start":{"line":13,"column":2},"end":{"line":17,"column":null}},"8":{"start":{"line":9,"column":13},"end":{"line":18,"column":null}}},"fnMap":{"0":{"name":"(anonymous_0)","decl":{"start":{"line":10,"column":2},"end":{"line":10,"column":31}},"loc":{"start":{"line":10,"column":57},"end":{"line":10,"column":61}}},"1":{"name":"(anonymous_1)","decl":{"start":{"line":13,"column":2},"end":{"line":13,"column":9}},"loc":{"start":{"line":13,"column":34},"end":{"line":17,"column":3}}}},"branchMap":{},"s":{"0":5,"1":5,"2":5,"3":5,"4":3,"5":3,"6":5,"7":5,"8":5},"f":{"0":5,"1":3},"b":{}}
,"/Users/jeonhyeonseong/Repositories/dev/classting-task/newsfeed/src/feeds/feeds.module.ts": {"path":"/Users/jeonhyeonseong/Repositories/dev/classting-task/newsfeed/src/feeds/feeds.module.ts","statementMap":{"0":{"start":{"line":1,"column":0},"end":{"line":1,"column":40}},"1":{"start":{"line":3,"column":0},"end":{"line":3,"column":50}},"2":{"start":{"line":4,"column":0},"end":{"line":4,"column":53}},"3":{"start":{"line":5,"column":0},"end":{"line":5,"column":47}},"4":{"start":{"line":11,"column":7},"end":{"line":11,"column":null}},"5":{"start":{"line":11,"column":13},"end":{"line":11,"column":24}},"6":{"start":{"line":11,"column":13},"end":{"line":11,"column":null}}},"fnMap":{},"branchMap":{},"s":{"0":5,"1":5,"2":5,"3":5,"4":5,"5":5,"6":5},"f":{},"b":{}}
,"/Users/jeonhyeonseong/Repositories/dev/classting-task/newsfeed/src/feeds/feeds.service.ts": {"path":"/Users/jeonhyeonseong/Repositories/dev/classting-task/newsfeed/src/feeds/feeds.service.ts","statementMap":{"0":{"start":{"line":1,"column":0},"end":{"line":1,"column":44}},"1":{"start":{"line":4,"column":0},"end":{"line":4,"column":50}},"2":{"start":{"line":8,"column":7},"end":{"line":37,"column":null}},"3":{"start":{"line":9,"column":31},"end":{"line":9,"column":46}},"4":{"start":{"line":12,"column":18},"end":{"line":16,"column":6}},"5":{"start":{"line":18,"column":4},"end":{"line":18,"column":53}},"6":{"start":{"line":18,"column":40},"end":{"line":18,"column":49}},"7":{"start":{"line":22,"column":18},"end":{"line":27,"column":6}},"8":{"start":{"line":30,"column":4},"end":{"line":35,"column":null}},"9":{"start":{"line":32,"column":6},"end":{"line":34,"column":9}},"10":{"start":{"line":8,"column":13},"end":{"line":8,"column":25}},"11":{"start":{"line":8,"column":13},"end":{"line":37,"column":null}}},"fnMap":{"0":{"name":"(anonymous_0)","decl":{"start":{"line":9,"column":2},"end":{"line":9,"column":31}},"loc":{"start":{"line":9,"column":59},"end":{"line":9,"column":63}}},"1":{"name":"(anonymous_1)","decl":{"start":{"line":11,"column":2},"end":{"line":11,"column":7}},"loc":{"start":{"line":11,"column":26},"end":{"line":19,"column":3}}},"2":{"name":"(anonymous_2)","decl":{"start":{"line":18,"column":30},"end":{"line":18,"column":31}},"loc":{"start":{"line":18,"column":40},"end":{"line":18,"column":49}}},"3":{"name":"(anonymous_3)","decl":{"start":{"line":21,"column":2},"end":{"line":21,"column":7}},"loc":{"start":{"line":21,"column":63},"end":{"line":36,"column":3}}}},"branchMap":{},"s":{"0":5,"1":5,"2":5,"3":10,"4":3,"5":3,"6":12,"7":3,"8":3,"9":2,"10":5,"11":5},"f":{"0":10,"1":3,"2":12,"3":3},"b":{}}
,"/Users/jeonhyeonseong/Repositories/dev/classting-task/newsfeed/src/pages/pages.controller.ts": {"path":"/Users/jeonhyeonseong/Repositories/dev/classting-task/newsfeed/src/pages/pages.controller.ts","statementMap":{"0":{"start":{"line":1,"column":0},"end":{"line":1,"column":74}},"1":{"start":{"line":7,"column":0},"end":{"line":7,"column":47}},"2":{"start":{"line":10,"column":7},"end":{"line":25,"column":null}},"3":{"start":{"line":11,"column":31},"end":{"line":11,"column":45}},"4":{"start":{"line":16,"column":27},"end":{"line":16,"column":30}},"5":{"start":{"line":18,"column":4},"end":{"line":18,"column":48}},"6":{"start":{"line":23,"column":4},"end":{"line":23,"column":39}},"7":{"start":{"line":10,"column":13},"end":{"line":10,"column":28}},"8":{"start":{"line":15,"column":2},"end":{"line":19,"column":null}},"9":{"start":{"line":22,"column":2},"end":{"line":24,"column":null}},"10":{"start":{"line":10,"column":13},"end":{"line":25,"column":null}}},"fnMap":{"0":{"name":"(anonymous_0)","decl":{"start":{"line":11,"column":2},"end":{"line":11,"column":31}},"loc":{"start":{"line":11,"column":57},"end":{"line":11,"column":61}}},"1":{"name":"(anonymous_1)","decl":{"start":{"line":15,"column":2},"end":{"line":15,"column":8}},"loc":{"start":{"line":15,"column":58},"end":{"line":19,"column":3}}},"2":{"name":"(anonymous_2)","decl":{"start":{"line":22,"column":2},"end":{"line":22,"column":9}},"loc":{"start":{"line":22,"column":9},"end":{"line":24,"column":3}}}},"branchMap":{},"s":{"0":5,"1":5,"2":5,"3":5,"4":3,"5":3,"6":1,"7":5,"8":5,"9":5,"10":5},"f":{"0":5,"1":3,"2":1},"b":{}}
,"/Users/jeonhyeonseong/Repositories/dev/classting-task/newsfeed/src/pages/pages.module.ts": {"path":"/Users/jeonhyeonseong/Repositories/dev/classting-task/newsfeed/src/pages/pages.module.ts","statementMap":{"0":{"start":{"line":1,"column":0},"end":{"line":1,"column":40}},"1":{"start":{"line":3,"column":0},"end":{"line":3,"column":50}},"2":{"start":{"line":4,"column":0},"end":{"line":4,"column":53}},"3":{"start":{"line":5,"column":0},"end":{"line":5,"column":47}},"4":{"start":{"line":11,"column":7},"end":{"line":11,"column":null}},"5":{"start":{"line":11,"column":13},"end":{"line":11,"column":24}},"6":{"start":{"line":11,"column":13},"end":{"line":11,"column":null}}},"fnMap":{},"branchMap":{},"s":{"0":5,"1":5,"2":5,"3":5,"4":5,"5":5,"6":5},"f":{},"b":{}}
,"/Users/jeonhyeonseong/Repositories/dev/classting-task/newsfeed/src/pages/pages.service.ts": {"path":"/Users/jeonhyeonseong/Repositories/dev/classting-task/newsfeed/src/pages/pages.service.ts","statementMap":{"0":{"start":{"line":1,"column":0},"end":{"line":1,"column":59}},"1":{"start":{"line":4,"column":0},"end":{"line":4,"column":50}},"2":{"start":{"line":8,"column":7},"end":{"line":49,"column":null}},"3":{"start":{"line":9,"column":31},"end":{"line":9,"column":46}},"4":{"start":{"line":12,"column":4},"end":{"line":14,"column":null}},"5":{"start":{"line":13,"column":6},"end":{"line":13,"column":60}},"6":{"start":{"line":16,"column":37},"end":{"line":16,"column":50}},"7":{"start":{"line":18,"column":18},"end":{"line":20,"column":6}},"8":{"start":{"line":22,"column":4},"end":{"line":24,"column":null}},"9":{"start":{"line":23,"column":6},"end":{"line":23,"column":60}},"10":{"start":{"line":26,"column":17},"end":{"line":39,"column":6}},"11":{"start":{"line":27,"column":24},"end":{"line":29,"column":8}},"12":{"start":{"line":31,"column":6},"end":{"line":36,"column":9}},"13":{"start":{"line":38,"column":6},"end":{"line":38,"column":23}},"14":{"start":{"line":41,"column":4},"end":{"line":41,"column":20}},"15":{"start":{"line":45,"column":18},"end":{"line":45,"column":58}},"16":{"start":{"line":47,"column":4},"end":{"line":47,"column":21}},"17":{"start":{"line":8,"column":13},"end":{"line":8,"column":25}},"18":{"start":{"line":8,"column":13},"end":{"line":49,"column":null}}},"fnMap":{"0":{"name":"(anonymous_0)","decl":{"start":{"line":9,"column":2},"end":{"line":9,"column":31}},"loc":{"start":{"line":9,"column":59},"end":{"line":9,"column":63}}},"1":{"name":"(anonymous_1)","decl":{"start":{"line":11,"column":2},"end":{"line":11,"column":7}},"loc":{"start":{"line":11,"column":55},"end":{"line":42,"column":3}}},"2":{"name":"(anonymous_2)","decl":{"start":{"line":26,"column":55},"end":{"line":26,"column":60}},"loc":{"start":{"line":26,"column":72},"end":{"line":39,"column":5}}},"3":{"name":"(anonymous_3)","decl":{"start":{"line":44,"column":2},"end":{"line":44,"column":7}},"loc":{"start":{"line":44,"column":15},"end":{"line":48,"column":3}}}},"branchMap":{"0":{"loc":{"start":{"line":12,"column":4},"end":{"line":14,"column":null}},"type":"if","locations":[{"start":{"line":12,"column":4},"end":{"line":14,"column":null}}]},"1":{"loc":{"start":{"line":22,"column":4},"end":{"line":24,"column":null}},"type":"if","locations":[{"start":{"line":22,"column":4},"end":{"line":24,"column":null}}]}},"s":{"0":5,"1":5,"2":5,"3":5,"4":3,"5":1,"6":2,"7":2,"8":2,"9":1,"10":1,"11":1,"12":1,"13":1,"14":1,"15":1,"16":1,"17":5,"18":5},"f":{"0":5,"1":3,"2":1,"3":1},"b":{"0":[1],"1":[1]}}
,"/Users/jeonhyeonseong/Repositories/dev/classting-task/newsfeed/src/posts/posts.controller.ts": {"path":"/Users/jeonhyeonseong/Repositories/dev/classting-task/newsfeed/src/posts/posts.controller.ts","statementMap":{"0":{"start":{"line":1,"column":0},"end":{"line":1,"column":null}},"1":{"start":{"line":13,"column":0},"end":{"line":13,"column":47}},"2":{"start":{"line":17,"column":7},"end":{"line":47,"column":null}},"3":{"start":{"line":18,"column":31},"end":{"line":18,"column":45}},"4":{"start":{"line":23,"column":27},"end":{"line":23,"column":30}},"5":{"start":{"line":24,"column":4},"end":{"line":24,"column":75}},"6":{"start":{"line":26,"column":4},"end":{"line":26,"column":43}},"7":{"start":{"line":33,"column":35},"end":{"line":33,"column":38}},"8":{"start":{"line":34,"column":4},"end":{"line":34,"column":73}},"9":{"start":{"line":36,"column":4},"end":{"line":36,"column":53}},"10":{"start":{"line":42,"column":29},"end":{"line":42,"column":32}},"11":{"start":{"line":43,"column":4},"end":{"line":43,"column":73}},"12":{"start":{"line":45,"column":4},"end":{"line":45,"column":47}},"13":{"start":{"line":17,"column":13},"end":{"line":17,"column":28}},"14":{"start":{"line":22,"column":8},"end":{"line":27,"column":null}},"15":{"start":{"line":30,"column":8},"end":{"line":37,"column":null}},"16":{"start":{"line":41,"column":8},"end":{"line":46,"column":null}},"17":{"start":{"line":17,"column":13},"end":{"line":47,"column":null}}},"fnMap":{"0":{"name":"(anonymous_0)","decl":{"start":{"line":18,"column":2},"end":{"line":18,"column":31}},"loc":{"start":{"line":18,"column":57},"end":{"line":18,"column":61}}},"1":{"name":"(anonymous_1)","decl":{"start":{"line":22,"column":2},"end":{"line":22,"column":7}},"loc":{"start":{"line":22,"column":62},"end":{"line":27,"column":3}}},"2":{"name":"(anonymous_2)","decl":{"start":{"line":30,"column":2},"end":{"line":30,"column":7}},"loc":{"start":{"line":31,"column":74},"end":{"line":37,"column":3}}},"3":{"name":"(anonymous_3)","decl":{"start":{"line":41,"column":2},"end":{"line":41,"column":7}},"loc":{"start":{"line":41,"column":67},"end":{"line":46,"column":3}}}},"branchMap":{},"s":{"0":5,"1":5,"2":5,"3":5,"4":4,"5":4,"6":3,"7":2,"8":2,"9":1,"10":3,"11":3,"12":2,"13":5,"14":5,"15":5,"16":5,"17":5},"f":{"0":5,"1":4,"2":2,"3":3},"b":{}}
,"/Users/jeonhyeonseong/Repositories/dev/classting-task/newsfeed/src/posts/posts.module.ts": {"path":"/Users/jeonhyeonseong/Repositories/dev/classting-task/newsfeed/src/posts/posts.module.ts","statementMap":{"0":{"start":{"line":1,"column":0},"end":{"line":1,"column":40}},"1":{"start":{"line":3,"column":0},"end":{"line":3,"column":54}},"2":{"start":{"line":4,"column":0},"end":{"line":4,"column":50}},"3":{"start":{"line":5,"column":0},"end":{"line":5,"column":53}},"4":{"start":{"line":6,"column":0},"end":{"line":6,"column":47}},"5":{"start":{"line":12,"column":7},"end":{"line":12,"column":null}},"6":{"start":{"line":12,"column":13},"end":{"line":12,"column":24}},"7":{"start":{"line":12,"column":13},"end":{"line":12,"column":null}}},"fnMap":{},"branchMap":{},"s":{"0":5,"1":5,"2":5,"3":5,"4":5,"5":5,"6":5,"7":5},"f":{},"b":{}}
,"/Users/jeonhyeonseong/Repositories/dev/classting-task/newsfeed/src/posts/posts.service.ts": {"path":"/Users/jeonhyeonseong/Repositories/dev/classting-task/newsfeed/src/posts/posts.service.ts","statementMap":{"0":{"start":{"line":1,"column":0},"end":{"line":1,"column":59}},"1":{"start":{"line":3,"column":0},"end":{"line":3,"column":54}},"2":{"start":{"line":4,"column":0},"end":{"line":4,"column":50}},"3":{"start":{"line":8,"column":7},"end":{"line":83,"column":null}},"4":{"start":{"line":10,"column":21},"end":{"line":10,"column":36}},"5":{"start":{"line":11,"column":21},"end":{"line":11,"column":35}},"6":{"start":{"line":15,"column":39},"end":{"line":15,"column":52}},"7":{"start":{"line":17,"column":17},"end":{"line":28,"column":6}},"8":{"start":{"line":18,"column":24},"end":{"line":24,"column":8}},"9":{"start":{"line":25,"column":6},"end":{"line":25,"column":68}},"10":{"start":{"line":27,"column":6},"end":{"line":27,"column":23}},"11":{"start":{"line":30,"column":4},"end":{"line":30,"column":20}},"12":{"start":{"line":34,"column":4},"end":{"line":34,"column":36}},"13":{"start":{"line":36,"column":31},"end":{"line":36,"column":35}},"14":{"start":{"line":37,"column":17},"end":{"line":40,"column":6}},"15":{"start":{"line":42,"column":4},"end":{"line":42,"column":20}},"16":{"start":{"line":46,"column":4},"end":{"line":46,"column":36}},"17":{"start":{"line":48,"column":4},"end":{"line":48,"column":60}},"18":{"start":{"line":50,"column":4},"end":{"line":50,"column":24}},"19":{"start":{"line":54,"column":17},"end":{"line":54,"column":76}},"20":{"start":{"line":56,"column":4},"end":{"line":58,"column":null}},"21":{"start":{"line":57,"column":6},"end":{"line":57,"column":56}},"22":{"start":{"line":62,"column":17},"end":{"line":64,"column":6}},"23":{"start":{"line":66,"column":4},"end":{"line":68,"column":null}},"24":{"start":{"line":67,"column":6},"end":{"line":67,"column":48}},"25":{"start":{"line":72,"column":17},"end":{"line":75,"column":6}},"26":{"start":{"line":77,"column":4},"end":{"line":79,"column":null}},"27":{"start":{"line":78,"column":6},"end":{"line":78,"column":48}},"28":{"start":{"line":81,"column":4},"end":{"line":81,"column":62}},"29":{"start":{"line":8,"column":13},"end":{"line":8,"column":25}},"30":{"start":{"line":8,"column":13},"end":{"line":83,"column":null}}},"fnMap":{"0":{"name":"(anonymous_0)","decl":{"start":{"line":9,"column":2},"end":{"line":9,"column":null}},"loc":{"start":{"line":11,"column":47},"end":{"line":12,"column":6}}},"1":{"name":"(anonymous_1)","decl":{"start":{"line":14,"column":2},"end":{"line":14,"column":7}},"loc":{"start":{"line":14,"column":41},"end":{"line":31,"column":3}}},"2":{"name":"(anonymous_2)","decl":{"start":{"line":17,"column":55},"end":{"line":17,"column":60}},"loc":{"start":{"line":17,"column":72},"end":{"line":28,"column":5}}},"3":{"name":"(anonymous_3)","decl":{"start":{"line":33,"column":2},"end":{"line":33,"column":7}},"loc":{"start":{"line":33,"column":43},"end":{"line":43,"column":3}}},"4":{"name":"(anonymous_4)","decl":{"start":{"line":45,"column":2},"end":{"line":45,"column":7}},"loc":{"start":{"line":45,"column":25},"end":{"line":51,"column":3}}},"5":{"name":"(anonymous_5)","decl":{"start":{"line":53,"column":2},"end":{"line":53,"column":7}},"loc":{"start":{"line":53,"column":35},"end":{"line":59,"column":3}}},"6":{"name":"(anonymous_6)","decl":{"start":{"line":61,"column":2},"end":{"line":61,"column":7}},"loc":{"start":{"line":61,"column":63},"end":{"line":69,"column":3}}},"7":{"name":"(anonymous_7)","decl":{"start":{"line":71,"column":2},"end":{"line":71,"column":7}},"loc":{"start":{"line":71,"column":63},"end":{"line":82,"column":3}}}},"branchMap":{"0":{"loc":{"start":{"line":56,"column":4},"end":{"line":58,"column":null}},"type":"if","locations":[{"start":{"line":56,"column":4},"end":{"line":58,"column":null}}]},"1":{"loc":{"start":{"line":66,"column":4},"end":{"line":68,"column":null}},"type":"if","locations":[{"start":{"line":66,"column":4},"end":{"line":68,"column":null}}]},"2":{"loc":{"start":{"line":77,"column":4},"end":{"line":79,"column":null}},"type":"if","locations":[{"start":{"line":77,"column":4},"end":{"line":79,"column":null}}]}},"s":{"0":5,"1":5,"2":5,"3":5,"4":5,"5":5,"6":3,"7":3,"8":3,"9":3,"10":3,"11":3,"12":1,"13":1,"14":1,"15":1,"16":2,"17":2,"18":2,"19":3,"20":3,"21":0,"22":9,"23":9,"24":3,"25":5,"26":5,"27":0,"28":5,"29":5,"30":5},"f":{"0":5,"1":3,"2":3,"3":1,"4":2,"5":3,"6":9,"7":5},"b":{"0":[0],"1":[3],"2":[0]}}
,"/Users/jeonhyeonseong/Repositories/dev/classting-task/newsfeed/src/subscriptions/subscriptions.controller.ts": {"path":"/Users/jeonhyeonseong/Repositories/dev/classting-task/newsfeed/src/subscriptions/subscriptions.controller.ts","statementMap":{"0":{"start":{"line":1,"column":0},"end":{"line":1,"column":null}},"1":{"start":{"line":13,"column":0},"end":{"line":13,"column":63}},"2":{"start":{"line":16,"column":7},"end":{"line":51,"column":null}},"3":{"start":{"line":17,"column":31},"end":{"line":17,"column":53}},"4":{"start":{"line":22,"column":29},"end":{"line":22,"column":32}},"5":{"start":{"line":24,"column":4},"end":{"line":24,"column":72}},"6":{"start":{"line":29,"column":21},"end":{"line":29,"column":24}},"7":{"start":{"line":31,"column":4},"end":{"line":31,"column":64}},"8":{"start":{"line":37,"column":29},"end":{"line":37,"column":32}},"9":{"start":{"line":39,"column":4},"end":{"line":39,"column":74}},"10":{"start":{"line":44,"column":29},"end":{"line":44,"column":32}},"11":{"start":{"line":46,"column":4},"end":{"line":49,"column":6}},"12":{"start":{"line":16,"column":13},"end":{"line":16,"column":36}},"13":{"start":{"line":21,"column":2},"end":{"line":25,"column":null}},"14":{"start":{"line":28,"column":2},"end":{"line":32,"column":null}},"15":{"start":{"line":36,"column":2},"end":{"line":40,"column":null}},"16":{"start":{"line":43,"column":2},"end":{"line":50,"column":null}},"17":{"start":{"line":16,"column":13},"end":{"line":51,"column":null}}},"fnMap":{"0":{"name":"(anonymous_0)","decl":{"start":{"line":17,"column":2},"end":{"line":17,"column":31}},"loc":{"start":{"line":17,"column":73},"end":{"line":17,"column":77}}},"1":{"name":"(anonymous_1)","decl":{"start":{"line":21,"column":2},"end":{"line":21,"column":11}},"loc":{"start":{"line":21,"column":68},"end":{"line":25,"column":3}}},"2":{"name":"(anonymous_2)","decl":{"start":{"line":28,"column":2},"end":{"line":28,"column":11}},"loc":{"start":{"line":28,"column":36},"end":{"line":32,"column":3}}},"3":{"name":"(anonymous_3)","decl":{"start":{"line":36,"column":2},"end":{"line":36,"column":13}},"loc":{"start":{"line":36,"column":70},"end":{"line":40,"column":3}}},"4":{"name":"(anonymous_4)","decl":{"start":{"line":43,"column":2},"end":{"line":43,"column":11}},"loc":{"start":{"line":43,"column":68},"end":{"line":50,"column":3}}}},"branchMap":{},"s":{"0":5,"1":5,"2":5,"3":5,"4":1,"5":1,"6":1,"7":1,"8":1,"9":1,"10":3,"11":3,"12":5,"13":5,"14":5,"15":5,"16":5,"17":5},"f":{"0":5,"1":1,"2":1,"3":1,"4":3},"b":{}}
,"/Users/jeonhyeonseong/Repositories/dev/classting-task/newsfeed/src/subscriptions/subscriptions.module.ts": {"path":"/Users/jeonhyeonseong/Repositories/dev/classting-task/newsfeed/src/subscriptions/subscriptions.module.ts","statementMap":{"0":{"start":{"line":1,"column":0},"end":{"line":1,"column":40}},"1":{"start":{"line":3,"column":0},"end":{"line":3,"column":50}},"2":{"start":{"line":4,"column":0},"end":{"line":4,"column":69}},"3":{"start":{"line":5,"column":0},"end":{"line":5,"column":63}},"4":{"start":{"line":11,"column":7},"end":{"line":11,"column":null}},"5":{"start":{"line":11,"column":13},"end":{"line":11,"column":32}},"6":{"start":{"line":11,"column":13},"end":{"line":11,"column":null}}},"fnMap":{},"branchMap":{},"s":{"0":5,"1":5,"2":5,"3":5,"4":5,"5":5,"6":5},"f":{},"b":{}}
,"/Users/jeonhyeonseong/Repositories/dev/classting-task/newsfeed/src/subscriptions/subscriptions.service.ts": {"path":"/Users/jeonhyeonseong/Repositories/dev/classting-task/newsfeed/src/subscriptions/subscriptions.service.ts","statementMap":{"0":{"start":{"line":1,"column":0},"end":{"line":1,"column":59}},"1":{"start":{"line":4,"column":0},"end":{"line":4,"column":50}},"2":{"start":{"line":7,"column":7},"end":{"line":76,"column":null}},"3":{"start":{"line":8,"column":31},"end":{"line":8,"column":46}},"4":{"start":{"line":11,"column":4},"end":{"line":11,"column":40}},"5":{"start":{"line":13,"column":18},"end":{"line":15,"column":6}},"6":{"start":{"line":17,"column":4},"end":{"line":19,"column":null}},"7":{"start":{"line":18,"column":6},"end":{"line":18,"column":37}},"8":{"start":{"line":21,"column":25},"end":{"line":23,"column":6}},"9":{"start":{"line":25,"column":4},"end":{"line":25,"column":28}},"10":{"start":{"line":29,"column":26},"end":{"line":33,"column":6}},"11":{"start":{"line":35,"column":4},"end":{"line":35,"column":77}},"12":{"start":{"line":35,"column":56},"end":{"line":35,"column":73}},"13":{"start":{"line":39,"column":4},"end":{"line":39,"column":40}},"14":{"start":{"line":41,"column":4},"end":{"line":43,"column":7}},"15":{"start":{"line":45,"column":4},"end":{"line":45,"column":24}},"16":{"start":{"line":49,"column":4},"end":{"line":49,"column":40}},"17":{"start":{"line":51,"column":25},"end":{"line":53,"column":6}},"18":{"start":{"line":55,"column":4},"end":{"line":57,"column":null}},"19":{"start":{"line":56,"column":6},"end":{"line":56,"column":54}},"20":{"start":{"line":59,"column":18},"end":{"line":62,"column":6}},"21":{"start":{"line":64,"column":4},"end":{"line":64,"column":21}},"22":{"start":{"line":68,"column":17},"end":{"line":70,"column":6}},"23":{"start":{"line":72,"column":4},"end":{"line":74,"column":null}},"24":{"start":{"line":73,"column":6},"end":{"line":73,"column":54}},"25":{"start":{"line":7,"column":13},"end":{"line":7,"column":33}},"26":{"start":{"line":7,"column":13},"end":{"line":76,"column":null}}},"fnMap":{"0":{"name":"(anonymous_0)","decl":{"start":{"line":8,"column":2},"end":{"line":8,"column":31}},"loc":{"start":{"line":8,"column":59},"end":{"line":8,"column":63}}},"1":{"name":"(anonymous_1)","decl":{"start":{"line":10,"column":2},"end":{"line":10,"column":7}},"loc":{"start":{"line":10,"column":48},"end":{"line":26,"column":3}}},"2":{"name":"(anonymous_2)","decl":{"start":{"line":28,"column":2},"end":{"line":28,"column":7}},"loc":{"start":{"line":28,"column":39},"end":{"line":36,"column":3}}},"3":{"name":"(anonymous_3)","decl":{"start":{"line":35,"column":38},"end":{"line":35,"column":39}},"loc":{"start":{"line":35,"column":56},"end":{"line":35,"column":73}}},"4":{"name":"(anonymous_4)","decl":{"start":{"line":38,"column":2},"end":{"line":38,"column":7}},"loc":{"start":{"line":38,"column":50},"end":{"line":46,"column":3}}},"5":{"name":"(anonymous_5)","decl":{"start":{"line":48,"column":2},"end":{"line":48,"column":7}},"loc":{"start":{"line":48,"column":59},"end":{"line":65,"column":3}}},"6":{"name":"(anonymous_6)","decl":{"start":{"line":67,"column":2},"end":{"line":67,"column":7}},"loc":{"start":{"line":67,"column":39},"end":{"line":75,"column":3}}}},"branchMap":{"0":{"loc":{"start":{"line":17,"column":4},"end":{"line":19,"column":null}},"type":"if","locations":[{"start":{"line":17,"column":4},"end":{"line":19,"column":null}}]},"1":{"loc":{"start":{"line":55,"column":4},"end":{"line":57,"column":null}},"type":"if","locations":[{"start":{"line":55,"column":4},"end":{"line":57,"column":null}}]},"2":{"loc":{"start":{"line":72,"column":4},"end":{"line":74,"column":null}},"type":"if","locations":[{"start":{"line":72,"column":4},"end":{"line":74,"column":null}}]}},"s":{"0":5,"1":5,"2":5,"3":5,"4":1,"5":1,"6":1,"7":0,"8":1,"9":1,"10":1,"11":1,"12":1,"13":1,"14":1,"15":1,"16":3,"17":3,"18":3,"19":1,"20":2,"21":2,"22":5,"23":5,"24":0,"25":5,"26":5},"f":{"0":5,"1":1,"2":1,"3":1,"4":1,"5":3,"6":5},"b":{"0":[0],"1":[1],"2":[0]}}
,"/Users/jeonhyeonseong/Repositories/dev/classting-task/newsfeed/test/common.ts": {"path":"/Users/jeonhyeonseong/Repositories/dev/classting-task/newsfeed/test/common.ts","statementMap":{"0":{"start":{"line":2,"column":0},"end":{"line":2,"column":59}},"1":{"start":{"line":4,"column":0},"end":{"line":4,"column":32}},"2":{"start":{"line":6,"column":0},"end":{"line":6,"column":46}},"3":{"start":{"line":7,"column":0},"end":{"line":7,"column":66}},"4":{"start":{"line":9,"column":26},"end":{"line":9,"column":70}},"5":{"start":{"line":9,"column":32},"end":{"line":9,"column":70}},"6":{"start":{"line":9,"column":13},"end":{"line":9,"column":26}},"7":{"start":{"line":11,"column":25},"end":{"line":11,"column":58}},"8":{"start":{"line":11,"column":31},"end":{"line":11,"column":58}},"9":{"start":{"line":11,"column":13},"end":{"line":11,"column":25}},"10":{"start":{"line":13,"column":24},"end":{"line":13,"column":73}},"11":{"start":{"line":13,"column":30},"end":{"line":13,"column":73}},"12":{"start":{"line":13,"column":13},"end":{"line":13,"column":24}},"13":{"start":{"line":15,"column":24},"end":{"line":36,"column":1}},"14":{"start":{"line":20,"column":19},"end":{"line":20,"column":55}},"15":{"start":{"line":21,"column":15},"end":{"line":21,"column":59}},"16":{"start":{"line":23,"column":14},"end":{"line":25,"column":19}},"17":{"start":{"line":27,"column":2},"end":{"line":27,"column":31}},"18":{"start":{"line":28,"column":2},"end":{"line":28,"column":51}},"19":{"start":{"line":29,"column":2},"end":{"line":29,"column":45}},"20":{"start":{"line":30,"column":22},"end":{"line":30,"column":52}},"21":{"start":{"line":32,"column":2},"end":{"line":35,"column":4}},"22":{"start":{"line":15,"column":13},"end":{"line":15,"column":24}},"23":{"start":{"line":38,"column":23},"end":{"line":49,"column":1}},"24":{"start":{"line":39,"column":39},"end":{"line":41,"column":14}},"25":{"start":{"line":43,"column":14},"end":{"line":43,"column":72}},"26":{"start":{"line":44,"column":2},"end":{"line":44,"column":53}},"27":{"start":{"line":45,"column":2},"end":{"line":45,"column":28}},"28":{"start":{"line":46,"column":2},"end":{"line":46,"column":19}},"29":{"start":{"line":48,"column":2},"end":{"line":48,"column":13}},"30":{"start":{"line":38,"column":13},"end":{"line":38,"column":23}}},"fnMap":{"0":{"name":"(anonymous_0)","decl":{"start":{"line":9,"column":26},"end":{"line":9,"column":29}},"loc":{"start":{"line":9,"column":32},"end":{"line":9,"column":70}}},"1":{"name":"(anonymous_1)","decl":{"start":{"line":11,"column":25},"end":{"line":11,"column":28}},"loc":{"start":{"line":11,"column":31},"end":{"line":11,"column":58}}},"2":{"name":"(anonymous_2)","decl":{"start":{"line":13,"column":24},"end":{"line":13,"column":27}},"loc":{"start":{"line":13,"column":30},"end":{"line":13,"column":73}}},"3":{"name":"(anonymous_3)","decl":{"start":{"line":15,"column":24},"end":{"line":15,"column":29}},"loc":{"start":{"line":19,"column":45},"end":{"line":36,"column":1}}},"4":{"name":"(anonymous_4)","decl":{"start":{"line":38,"column":23},"end":{"line":38,"column":28}},"loc":{"start":{"line":38,"column":34},"end":{"line":49,"column":1}}}},"branchMap":{},"s":{"0":5,"1":5,"2":5,"3":5,"4":5,"5":113,"6":5,"7":5,"8":25,"9":5,"10":5,"11":20,"12":5,"13":5,"14":24,"15":24,"16":24,"17":24,"18":24,"19":24,"20":24,"21":24,"22":5,"23":5,"24":5,"25":5,"26":5,"27":5,"28":5,"29":5,"30":5},"f":{"0":113,"1":25,"2":20,"3":24,"4":5},"b":{}}
}
