TN:
SF:src/app.module.ts
FNF:0
FNH:0
DA:1,5
DA:2,5
DA:4,5
DA:5,5
DA:6,5
DA:7,5
DA:8,5
DA:9,5
DA:10,5
DA:11,5
DA:33,5
LF:11
LH:11
BRF:0
BRH:0
end_of_record
TN:
SF:src/main.ts
FN:11,bootstrap
FNF:1
FNH:0
FNDA:0,bootstrap
DA:1,0
DA:3,0
DA:4,0
DA:6,0
DA:7,0
DA:9,0
DA:12,0
DA:13,0
DA:14,0
DA:15,0
DA:16,0
DA:17,0
DA:20,0
LF:13
LH:0
BRF:0
BRH:0
end_of_record
TN:
SF:src/prisma.seed.ts
FN:117,main
FN:137,(anonymous_1)
FN:140,(anonymous_2)
FNF:3
FNH:0
FNDA:0,main
FNDA:0,(anonymous_1)
FNDA:0,(anonymous_2)
DA:2,0
DA:4,0
DA:6,0
DA:7,0
DA:9,0
DA:66,0
DA:118,0
DA:120,0
DA:122,0
DA:123,0
DA:126,0
DA:128,0
DA:129,0
DA:132,0
DA:135,0
DA:138,0
DA:141,0
DA:142,0
DA:144,0
LF:19
LH:0
BRF:0
BRH:0
end_of_record
TN:
SF:src/prisma.service.ts
FN:6,(anonymous_0)
FNF:1
FNH:1
FNDA:30,(anonymous_0)
DA:1,5
DA:2,5
DA:5,5
DA:7,30
LF:4
LH:4
BRF:0
BRH:0
end_of_record
TN:
SF:src/validator.exception.ts
FN:12,(anonymous_0)
FNF:1
FNH:0
FNDA:0,(anonymous_0)
DA:1,5
DA:7,5
DA:11,5
DA:13,0
DA:14,0
DA:16,0
LF:6
LH:3
BRF:0
BRH:0
end_of_record
TN:
SF:src/validator.middleware.ts
FN:6,(anonymous_0)
FNF:1
FNH:1
FNDA:5,(anonymous_0)
DA:2,5
DA:3,5
DA:6,5
DA:10,5
DA:11,5
DA:20,5
LF:6
LH:6
BRF:0
BRH:0
end_of_record
TN:
SF:src/auth/auth.controller.ts
FN:12,(anonymous_0)
FN:17,(anonymous_1)
FNF:2
FNH:2
FNDA:5,(anonymous_0)
FNDA:25,(anonymous_1)
DA:1,5
DA:6,5
DA:7,5
DA:11,5
DA:12,5
DA:17,5
DA:18,25
LF:7
LH:7
BRF:0
BRH:0
end_of_record
TN:
SF:src/auth/auth.guard.ts
FN:17,(anonymous_0)
FN:23,(anonymous_1)
FN:52,(anonymous_2)
FN:59,(anonymous_3)
FNF:4
FNH:4
FNDA:5,(anonymous_0)
FNDA:47,(anonymous_1)
FNDA:22,(anonymous_2)
FNDA:22,(anonymous_3)
DA:1,5
DA:7,5
DA:8,5
DA:10,5
DA:12,5
DA:16,5
DA:18,5
DA:19,5
DA:20,5
DA:24,47
DA:29,47
DA:30,25
DA:33,22
DA:34,22
DA:36,22
DA:37,0
DA:40,22
DA:41,22
DA:43,22
DA:44,0
DA:47,22
DA:49,22
DA:53,22
DA:54,22
DA:56,22
DA:60,22
DA:61,22
DA:63,22
DA:65,0
LF:29
LH:26
BRDA:29,0,0,25
BRDA:36,1,0,0
BRDA:43,2,0,0
BRDA:53,3,0,22
BRDA:53,3,1,0
BRDA:56,4,0,22
BRDA:56,4,1,0
BRF:7
BRH:3
end_of_record
TN:
SF:src/auth/auth.module.ts
FNF:0
FNH:0
DA:1,5
DA:2,5
DA:4,5
DA:5,5
DA:6,5
DA:7,5
DA:20,5
LF:7
LH:7
BRF:0
BRH:0
end_of_record
TN:
SF:src/auth/auth.service.ts
FN:9,(anonymous_0)
FN:14,(anonymous_1)
FNF:2
FNH:2
FNDA:5,(anonymous_0)
FNDA:25,(anonymous_1)
DA:1,5
DA:2,5
DA:5,5
DA:8,5
DA:10,5
DA:11,5
DA:15,25
DA:17,25
DA:22,25
DA:23,25
DA:25,25
LF:11
LH:11
BRF:0
BRH:0
end_of_record
TN:
SF:src/auth/constants.ts
FNF:0
FNH:0
DA:1,5
LF:1
LH:1
BRF:0
BRH:0
end_of_record
TN:
SF:src/auth/decorators/public.decorator.ts
FN:5,(anonymous_0)
FNF:1
FNH:1
FNDA:5,(anonymous_0)
DA:1,5
DA:3,5
DA:5,5
LF:3
LH:3
BRF:0
BRH:0
end_of_record
TN:
SF:src/feeds/feeds.controller.ts
FN:10,(anonymous_0)
FN:13,(anonymous_1)
FNF:2
FNH:2
FNDA:5,(anonymous_0)
FNDA:3,(anonymous_1)
DA:1,5
DA:6,5
DA:9,5
DA:10,5
DA:13,5
DA:14,3
DA:16,3
LF:7
LH:7
BRF:0
BRH:0
end_of_record
TN:
SF:src/feeds/feeds.module.ts
FNF:0
FNH:0
DA:1,5
DA:3,5
DA:4,5
DA:5,5
DA:11,5
LF:5
LH:5
BRF:0
BRH:0
end_of_record
TN:
SF:src/feeds/feeds.service.ts
FN:9,(anonymous_0)
FN:11,(anonymous_1)
FN:18,(anonymous_2)
FN:21,(anonymous_3)
FNF:4
FNH:4
FNDA:10,(anonymous_0)
FNDA:3,(anonymous_1)
FNDA:12,(anonymous_2)
FNDA:3,(anonymous_3)
DA:1,5
DA:4,5
DA:8,5
DA:9,10
DA:12,3
DA:18,12
DA:22,3
DA:30,3
DA:32,2
LF:9
LH:9
BRF:0
BRH:0
end_of_record
TN:
SF:src/pages/pages.controller.ts
FN:11,(anonymous_0)
FN:15,(anonymous_1)
FN:22,(anonymous_2)
FNF:3
FNH:3
FNDA:5,(anonymous_0)
FNDA:3,(anonymous_1)
FNDA:1,(anonymous_2)
DA:1,5
DA:7,5
DA:10,5
DA:11,5
DA:15,5
DA:16,3
DA:18,3
DA:22,5
DA:23,1
LF:9
LH:9
BRF:0
BRH:0
end_of_record
TN:
SF:src/pages/pages.module.ts
FNF:0
FNH:0
DA:1,5
DA:3,5
DA:4,5
DA:5,5
DA:11,5
LF:5
LH:5
BRF:0
BRH:0
end_of_record
TN:
SF:src/pages/pages.service.ts
FN:9,(anonymous_0)
FN:11,(anonymous_1)
FN:26,(anonymous_2)
FN:44,(anonymous_3)
FNF:4
FNH:4
FNDA:5,(anonymous_0)
FNDA:3,(anonymous_1)
FNDA:1,(anonymous_2)
FNDA:1,(anonymous_3)
DA:1,5
DA:4,5
DA:8,5
DA:9,5
DA:12,3
DA:13,1
DA:16,2
DA:18,2
DA:22,2
DA:23,1
DA:26,1
DA:27,1
DA:31,1
DA:38,1
DA:41,1
DA:45,1
DA:47,1
LF:17
LH:17
BRDA:12,0,0,1
BRDA:22,1,0,1
BRF:2
BRH:2
end_of_record
TN:
SF:src/posts/posts.controller.ts
FN:18,(anonymous_0)
FN:22,(anonymous_1)
FN:30,(anonymous_2)
FN:41,(anonymous_3)
FNF:4
FNH:4
FNDA:5,(anonymous_0)
FNDA:4,(anonymous_1)
FNDA:2,(anonymous_2)
FNDA:3,(anonymous_3)
DA:1,5
DA:13,5
DA:17,5
DA:18,5
DA:22,5
DA:23,4
DA:24,4
DA:26,3
DA:30,5
DA:33,2
DA:34,2
DA:36,1
DA:41,5
DA:42,3
DA:43,3
DA:45,2
LF:16
LH:16
BRF:0
BRH:0
end_of_record
TN:
SF:src/posts/posts.module.ts
FNF:0
FNH:0
DA:1,5
DA:3,5
DA:4,5
DA:5,5
DA:6,5
DA:12,5
LF:6
LH:6
BRF:0
BRH:0
end_of_record
TN:
SF:src/posts/posts.service.ts
FN:9,(anonymous_0)
FN:14,(anonymous_1)
FN:17,(anonymous_2)
FN:33,(anonymous_3)
FN:45,(anonymous_4)
FN:53,(anonymous_5)
FN:61,(anonymous_6)
FN:71,(anonymous_7)
FNF:8
FNH:8
FNDA:5,(anonymous_0)
FNDA:3,(anonymous_1)
FNDA:3,(anonymous_2)
FNDA:1,(anonymous_3)
FNDA:2,(anonymous_4)
FNDA:3,(anonymous_5)
FNDA:9,(anonymous_6)
FNDA:5,(anonymous_7)
DA:1,5
DA:3,5
DA:4,5
DA:8,5
DA:10,5
DA:11,5
DA:15,3
DA:17,3
DA:18,3
DA:25,3
DA:27,3
DA:30,3
DA:34,1
DA:36,1
DA:37,1
DA:42,1
DA:46,2
DA:48,2
DA:50,2
DA:54,3
DA:56,3
DA:57,0
DA:62,9
DA:66,9
DA:67,3
DA:72,5
DA:77,5
DA:78,0
DA:81,5
LF:29
LH:27
BRDA:56,0,0,0
BRDA:66,1,0,3
BRDA:77,2,0,0
BRF:3
BRH:1
end_of_record
TN:
SF:src/subscriptions/subscriptions.controller.ts
FN:17,(anonymous_0)
FN:21,(anonymous_1)
FN:28,(anonymous_2)
FN:36,(anonymous_3)
FN:43,(anonymous_4)
FNF:5
FNH:5
FNDA:5,(anonymous_0)
FNDA:1,(anonymous_1)
FNDA:1,(anonymous_2)
FNDA:1,(anonymous_3)
FNDA:3,(anonymous_4)
DA:1,5
DA:13,5
DA:16,5
DA:17,5
DA:21,5
DA:22,1
DA:24,1
DA:28,5
DA:29,1
DA:31,1
DA:36,5
DA:37,1
DA:39,1
DA:43,5
DA:44,3
DA:46,3
LF:16
LH:16
BRF:0
BRH:0
end_of_record
TN:
SF:src/subscriptions/subscriptions.module.ts
FNF:0
FNH:0
DA:1,5
DA:3,5
DA:4,5
DA:5,5
DA:11,5
LF:5
LH:5
BRF:0
BRH:0
end_of_record
TN:
SF:src/subscriptions/subscriptions.service.ts
FN:8,(anonymous_0)
FN:10,(anonymous_1)
FN:28,(anonymous_2)
FN:35,(anonymous_3)
FN:38,(anonymous_4)
FN:48,(anonymous_5)
FN:67,(anonymous_6)
FNF:7
FNH:7
FNDA:5,(anonymous_0)
FNDA:1,(anonymous_1)
FNDA:1,(anonymous_2)
FNDA:1,(anonymous_3)
FNDA:1,(anonymous_4)
FNDA:3,(anonymous_5)
FNDA:5,(anonymous_6)
DA:1,5
DA:4,5
DA:7,5
DA:8,5
DA:11,1
DA:13,1
DA:17,1
DA:18,0
DA:21,1
DA:25,1
DA:29,1
DA:35,1
DA:39,1
DA:41,1
DA:45,1
DA:49,3
DA:51,3
DA:55,3
DA:56,1
DA:59,2
DA:64,2
DA:68,5
DA:72,5
DA:73,0
LF:24
LH:22
BRDA:17,0,0,0
BRDA:55,1,0,1
BRDA:72,2,0,0
BRF:3
BRH:1
end_of_record
TN:
SF:test/common.ts
FN:9,(anonymous_0)
FN:11,(anonymous_1)
FN:13,(anonymous_2)
FN:15,(anonymous_3)
FN:38,(anonymous_4)
FNF:5
FNH:5
FNDA:113,(anonymous_0)
FNDA:25,(anonymous_1)
FNDA:20,(anonymous_2)
FNDA:24,(anonymous_3)
FNDA:5,(anonymous_4)
DA:2,5
DA:4,5
DA:6,5
DA:7,5
DA:9,113
DA:11,25
DA:13,20
DA:15,5
DA:20,24
DA:21,24
DA:23,24
DA:27,24
DA:28,24
DA:29,24
DA:30,24
DA:32,24
DA:38,5
DA:39,5
DA:43,5
DA:44,5
DA:45,5
DA:46,5
DA:48,5
LF:23
LH:23
BRF:0
BRH:0
end_of_record
